<?xml version="1.0" encoding="UTF-8"?>
<!-- Generated by org.testng.reporters.JUnitReportReporter -->
<testsuite skipped="0" hostname="AnilJ-MSD" name="SimpleGetTest" tests="1" failures="0" timestamp="24 May 2018 10:43:58 GMT" time="1.879" errors="0">
  <testcase name="DisplayAllNodesInWeatherAPI" time="1.879" classname="SimpleGetTest"/>
</testsuite> <!-- SimpleGetTest -->
