<?xml version="1.0" encoding="UTF-8"?>
<!-- Generated by org.testng.reporters.JUnitReportReporter -->
<testsuite skipped="0" hostname="AnilJ-MSD" name="com.learn.rest.apis.SimpleGetTest" tests="1" failures="0" timestamp="07 Jun 2018 14:46:27 GMT" time="1.989" errors="0">
  <testcase name="DisplayAllNodesInWeatherAPI" time="1.989" classname="com.learn.rest.apis.SimpleGetTest"/>
</testsuite> <!-- com.learn.rest.apis.SimpleGetTest -->
