<?xml version="1.0" encoding="UTF-8"?>
<!-- Generated by org.testng.reporters.JUnitReportReporter -->
<testsuite skipped="0" hostname="AnilJ-MSD" name="SimplePostTest" tests="1" failures="0" timestamp="24 May 2018 11:04:02 GMT" time="39.442" errors="0">
  <testcase name="RegistrationSuccessful" time="39.442" classname="SimplePostTest"/>
</testsuite> <!-- SimplePostTest -->
