<?xml version="1.0" encoding="UTF-8"?>
<!-- Generated by org.testng.reporters.JUnitReportReporter -->
<testsuite skipped="0" hostname="AnilJ-MSD" name="com.learn.rest.apis.SimplePostTest" tests="1" failures="0" timestamp="30 May 2018 08:19:28 GMT" time="1.593" errors="0">
  <testcase name="RegistrationSuccessful" time="1.593" classname="com.learn.rest.apis.SimplePostTest"/>
</testsuite> <!-- com.learn.rest.apis.SimplePostTest -->
